  Camera.cpp
  DirectionalLight.cpp
C:\Users\domit\Documents\Visual Studio 2022\Projects\OpenGLcourse\OpenGLcourse\DirectionalLight.cpp(18,14): warning C4244: 'argument': conversion from 'GLfloat' to 'GLint', possible loss of data
C:\Users\domit\Documents\Visual Studio 2022\Projects\OpenGLcourse\OpenGLcourse\DirectionalLight.cpp(19,14): warning C4244: 'argument': conversion from 'GLfloat' to 'GLint', possible loss of data
C:\Users\domit\Documents\Visual Studio 2022\Projects\OpenGLcourse\OpenGLcourse\DirectionalLight.cpp(21,14): warning C4244: 'argument': conversion from 'GLfloat' to 'GLint', possible loss of data
C:\Users\domit\Documents\Visual Studio 2022\Projects\OpenGLcourse\OpenGLcourse\DirectionalLight.cpp(22,14): warning C4244: 'argument': conversion from 'GLfloat' to 'GLint', possible loss of data
  Light.cpp
  Material.cpp
  Mesh.cpp
  main.cpp
C:\Users\domit\Documents\Visual Studio 2022\Projects\OpenGLcourse\OpenGLcourse\GLwindow.h(16,36): warning C4244: 'return': conversion from 'GLint' to 'GLfloat', possible loss of data
  (compiling source file 'main.cpp')
  
C:\Users\domit\Documents\Visual Studio 2022\Projects\OpenGLcourse\OpenGLcourse\GLwindow.h(17,37): warning C4244: 'return': conversion from 'GLint' to 'GLfloat', possible loss of data
  (compiling source file 'main.cpp')
  
C:\Users\domit\Documents\Visual Studio 2022\Projects\OpenGLcourse\OpenGLcourse\main.cpp(26,33): warning C4305: 'initializing': truncation from 'double' to 'float'
C:\Users\domit\Documents\Visual Studio 2022\Projects\OpenGLcourse\OpenGLcourse\main.cpp(159,15): warning C4244: 'initializing': conversion from 'double' to 'GLfloat', possible loss of data
  PointLight.cpp
C:\Users\domit\Documents\Visual Studio 2022\Projects\OpenGLcourse\OpenGLcourse\PointLight.cpp(28,14): warning C4244: 'argument': conversion from 'GLfloat' to 'GLint', possible loss of data
C:\Users\domit\Documents\Visual Studio 2022\Projects\OpenGLcourse\OpenGLcourse\PointLight.cpp(29,14): warning C4244: 'argument': conversion from 'GLfloat' to 'GLint', possible loss of data
C:\Users\domit\Documents\Visual Studio 2022\Projects\OpenGLcourse\OpenGLcourse\PointLight.cpp(30,14): warning C4244: 'argument': conversion from 'GLfloat' to 'GLint', possible loss of data
C:\Users\domit\Documents\Visual Studio 2022\Projects\OpenGLcourse\OpenGLcourse\PointLight.cpp(32,14): warning C4244: 'argument': conversion from 'GLfloat' to 'GLint', possible loss of data
C:\Users\domit\Documents\Visual Studio 2022\Projects\OpenGLcourse\OpenGLcourse\PointLight.cpp(33,14): warning C4244: 'argument': conversion from 'GLfloat' to 'GLint', possible loss of data
C:\Users\domit\Documents\Visual Studio 2022\Projects\OpenGLcourse\OpenGLcourse\PointLight.cpp(34,14): warning C4244: 'argument': conversion from 'GLfloat' to 'GLint', possible loss of data
C:\Users\domit\Documents\Visual Studio 2022\Projects\OpenGLcourse\OpenGLcourse\PointLight.cpp(35,14): warning C4244: 'argument': conversion from 'GLfloat' to 'GLint', possible loss of data
  Shader.cpp
C:\Users\domit\Documents\Visual Studio 2022\Projects\OpenGLcourse\OpenGLcourse\Shader.cpp(166,75): warning C4244: 'argument': conversion from 'GLuint' to 'GLfloat', possible loss of data
C:\Users\domit\Documents\Visual Studio 2022\Projects\OpenGLcourse\OpenGLcourse\Shader.cpp(166,26): warning C4244: 'argument': conversion from 'GLuint' to 'GLfloat', possible loss of data
C:\Users\domit\Documents\Visual Studio 2022\Projects\OpenGLcourse\OpenGLcourse\Shader.cpp(165,91): warning C4244: 'argument': conversion from 'GLuint' to 'GLfloat', possible loss of data
C:\Users\domit\Documents\Visual Studio 2022\Projects\OpenGLcourse\OpenGLcourse\Shader.cpp(165,42): warning C4244: 'argument': conversion from 'GLuint' to 'GLfloat', possible loss of data
C:\Users\domit\Documents\Visual Studio 2022\Projects\OpenGLcourse\OpenGLcourse\Shader.cpp(179,98): warning C4244: 'argument': conversion from 'GLuint' to 'GLfloat', possible loss of data
C:\Users\domit\Documents\Visual Studio 2022\Projects\OpenGLcourse\OpenGLcourse\Shader.cpp(179,62): warning C4244: 'argument': conversion from 'GLuint' to 'GLfloat', possible loss of data
C:\Users\domit\Documents\Visual Studio 2022\Projects\OpenGLcourse\OpenGLcourse\Shader.cpp(179,24): warning C4244: 'argument': conversion from 'GLuint' to 'GLfloat', possible loss of data
C:\Users\domit\Documents\Visual Studio 2022\Projects\OpenGLcourse\OpenGLcourse\Shader.cpp(178,70): warning C4244: 'argument': conversion from 'GLuint' to 'GLfloat', possible loss of data
C:\Users\domit\Documents\Visual Studio 2022\Projects\OpenGLcourse\OpenGLcourse\Shader.cpp(178,24): warning C4244: 'argument': conversion from 'GLuint' to 'GLfloat', possible loss of data
C:\Users\domit\Documents\Visual Studio 2022\Projects\OpenGLcourse\OpenGLcourse\Shader.cpp(177,88): warning C4244: 'argument': conversion from 'GLuint' to 'GLfloat', possible loss of data
C:\Users\domit\Documents\Visual Studio 2022\Projects\OpenGLcourse\OpenGLcourse\Shader.cpp(177,42): warning C4244: 'argument': conversion from 'GLuint' to 'GLfloat', possible loss of data
  GLwindow.cpp
C:\Users\domit\Documents\Visual Studio 2022\Projects\OpenGLcourse\OpenGLcourse\GLwindow.h(16,36): warning C4244: 'return': conversion from 'GLint' to 'GLfloat', possible loss of data
  (compiling source file 'GLwindow.cpp')
  
C:\Users\domit\Documents\Visual Studio 2022\Projects\OpenGLcourse\OpenGLcourse\GLwindow.h(17,37): warning C4244: 'return': conversion from 'GLint' to 'GLfloat', possible loss of data
  (compiling source file 'GLwindow.cpp')
  
C:\Users\domit\Documents\Visual Studio 2022\Projects\OpenGLcourse\OpenGLcourse\GLwindow.cpp(105,22): warning C4244: '=': conversion from 'double' to 'GLfloat', possible loss of data
C:\Users\domit\Documents\Visual Studio 2022\Projects\OpenGLcourse\OpenGLcourse\GLwindow.cpp(106,22): warning C4244: '=': conversion from 'double' to 'GLfloat', possible loss of data
C:\Users\domit\Documents\Visual Studio 2022\Projects\OpenGLcourse\OpenGLcourse\GLwindow.cpp(109,28): warning C4244: '=': conversion from 'double' to 'GLfloat', possible loss of data
C:\Users\domit\Documents\Visual Studio 2022\Projects\OpenGLcourse\OpenGLcourse\GLwindow.cpp(110,40): warning C4244: '=': conversion from 'double' to 'GLfloat', possible loss of data
C:\Users\domit\Documents\Visual Studio 2022\Projects\OpenGLcourse\OpenGLcourse\GLwindow.cpp(112,21): warning C4244: '=': conversion from 'double' to 'GLfloat', possible loss of data
C:\Users\domit\Documents\Visual Studio 2022\Projects\OpenGLcourse\OpenGLcourse\GLwindow.cpp(113,21): warning C4244: '=': conversion from 'double' to 'GLfloat', possible loss of data
  Texture.cpp
  Generating Code...
C:\Users\domit\Documents\Visual Studio 2022\Projects\OpenGLcourse\OpenGLcourse\GLwindow.cpp(67): warning C4715: 'GLwindow::initialise': not all control paths return a value
DirectionalLight.obj : error LNK2019: unresolved external symbol __imp____glewUniform1f referenced in function "public: void __thiscall DirectionalLight::UseLight(float,float,float,float)" (?UseLight@DirectionalLight@@QAEXMMMM@Z)
Material.obj : error LNK2001: unresolved external symbol __imp____glewUniform1f
PointLight.obj : error LNK2001: unresolved external symbol __imp____glewUniform1f
DirectionalLight.obj : error LNK2019: unresolved external symbol __imp____glewUniform3f referenced in function "public: void __thiscall DirectionalLight::UseLight(float,float,float,float)" (?UseLight@DirectionalLight@@QAEXMMMM@Z)
main.obj : error LNK2001: unresolved external symbol __imp____glewUniform3f
PointLight.obj : error LNK2001: unresolved external symbol __imp____glewUniform3f
Mesh.obj : error LNK2019: unresolved external symbol __imp____glewBindBuffer referenced in function "public: void __thiscall Mesh::createMesh(float *,unsigned int *,unsigned int,unsigned int)" (?createMesh@Mesh@@QAEXPAMPAIII@Z)
Mesh.obj : error LNK2019: unresolved external symbol __imp____glewBufferData referenced in function "public: void __thiscall Mesh::createMesh(float *,unsigned int *,unsigned int,unsigned int)" (?createMesh@Mesh@@QAEXPAMPAIII@Z)
Mesh.obj : error LNK2019: unresolved external symbol __imp____glewDeleteBuffers referenced in function "public: void __thiscall Mesh::clearMesh(void)" (?clearMesh@Mesh@@QAEXXZ)
Mesh.obj : error LNK2019: unresolved external symbol __imp____glewGenBuffers referenced in function "public: void __thiscall Mesh::createMesh(float *,unsigned int *,unsigned int,unsigned int)" (?createMesh@Mesh@@QAEXPAMPAIII@Z)
Mesh.obj : error LNK2019: unresolved external symbol __imp____glewEnableVertexAttribArray referenced in function "public: void __thiscall Mesh::createMesh(float *,unsigned int *,unsigned int,unsigned int)" (?createMesh@Mesh@@QAEXPAMPAIII@Z)
Mesh.obj : error LNK2019: unresolved external symbol __imp____glewVertexAttribPointer referenced in function "public: void __thiscall Mesh::createMesh(float *,unsigned int *,unsigned int,unsigned int)" (?createMesh@Mesh@@QAEXPAMPAIII@Z)
Mesh.obj : error LNK2019: unresolved external symbol __imp____glewBindVertexArray referenced in function "public: void __thiscall Mesh::createMesh(float *,unsigned int *,unsigned int,unsigned int)" (?createMesh@Mesh@@QAEXPAMPAIII@Z)
Mesh.obj : error LNK2019: unresolved external symbol __imp____glewDeleteVertexArrays referenced in function "public: void __thiscall Mesh::clearMesh(void)" (?clearMesh@Mesh@@QAEXXZ)
Mesh.obj : error LNK2019: unresolved external symbol __imp____glewGenVertexArrays referenced in function "public: void __thiscall Mesh::createMesh(float *,unsigned int *,unsigned int,unsigned int)" (?createMesh@Mesh@@QAEXPAMPAIII@Z)
main.obj : error LNK2019: unresolved external symbol _glfwTerminate referenced in function _main
GLwindow.obj : error LNK2001: unresolved external symbol _glfwTerminate
main.obj : error LNK2019: unresolved external symbol _glfwWindowShouldClose referenced in function "public: bool __thiscall GLwindow::getShouldClose(void)" (?getShouldClose@GLwindow@@QAE_NXZ)
main.obj : error LNK2019: unresolved external symbol _glfwPollEvents referenced in function _main
main.obj : error LNK2019: unresolved external symbol _glfwGetTime referenced in function _main
main.obj : error LNK2019: unresolved external symbol _glfwSwapBuffers referenced in function "public: void __thiscall GLwindow::swapBuffers(void)" (?swapBuffers@GLwindow@@QAEXXZ)
main.obj : error LNK2019: unresolved external symbol __imp____glewUniformMatrix4fv referenced in function _main
main.obj : error LNK2019: unresolved external symbol __imp____glewUseProgram referenced in function _main
Shader.obj : error LNK2001: unresolved external symbol __imp____glewUseProgram
Shader.obj : error LNK2019: unresolved external symbol __imp____glewAttachShader referenced in function "private: void __thiscall Shader::AddShader(unsigned int,char const *,unsigned int)" (?AddShader@Shader@@AAEXIPBDI@Z)
Shader.obj : error LNK2019: unresolved external symbol __imp____glewCompileShader referenced in function "private: void __thiscall Shader::AddShader(unsigned int,char const *,unsigned int)" (?AddShader@Shader@@AAEXIPBDI@Z)
Shader.obj : error LNK2019: unresolved external symbol __imp____glewCreateProgram referenced in function "private: void __thiscall Shader::CompileShader(char const *,char const *)" (?CompileShader@Shader@@AAEXPBD0@Z)
Shader.obj : error LNK2019: unresolved external symbol __imp____glewCreateShader referenced in function "private: void __thiscall Shader::AddShader(unsigned int,char const *,unsigned int)" (?AddShader@Shader@@AAEXIPBDI@Z)
Shader.obj : error LNK2019: unresolved external symbol __imp____glewDeleteProgram referenced in function "public: void __thiscall Shader::ClearShader(void)" (?ClearShader@Shader@@QAEXXZ)
Shader.obj : error LNK2019: unresolved external symbol __imp____glewGetProgramInfoLog referenced in function "private: void __thiscall Shader::CompileShader(char const *,char const *)" (?CompileShader@Shader@@AAEXPBD0@Z)
Shader.obj : error LNK2019: unresolved external symbol __imp____glewGetProgramiv referenced in function "private: void __thiscall Shader::CompileShader(char const *,char const *)" (?CompileShader@Shader@@AAEXPBD0@Z)
Shader.obj : error LNK2019: unresolved external symbol __imp____glewGetShaderInfoLog referenced in function "private: void __thiscall Shader::AddShader(unsigned int,char const *,unsigned int)" (?AddShader@Shader@@AAEXIPBDI@Z)
Shader.obj : error LNK2019: unresolved external symbol __imp____glewGetShaderiv referenced in function "private: void __thiscall Shader::AddShader(unsigned int,char const *,unsigned int)" (?AddShader@Shader@@AAEXIPBDI@Z)
Shader.obj : error LNK2019: unresolved external symbol __imp____glewGetUniformLocation referenced in function "private: void __thiscall Shader::CompileShader(char const *,char const *)" (?CompileShader@Shader@@AAEXPBD0@Z)
Shader.obj : error LNK2019: unresolved external symbol __imp____glewLinkProgram referenced in function "private: void __thiscall Shader::CompileShader(char const *,char const *)" (?CompileShader@Shader@@AAEXPBD0@Z)
Shader.obj : error LNK2019: unresolved external symbol __imp____glewShaderSource referenced in function "private: void __thiscall Shader::AddShader(unsigned int,char const *,unsigned int)" (?AddShader@Shader@@AAEXIPBDI@Z)
Shader.obj : error LNK2019: unresolved external symbol __imp____glewUniform1i referenced in function "public: void __thiscall Shader::SetPointLights(class PointLight *,unsigned int)" (?SetPointLights@Shader@@QAEXPAVPointLight@@I@Z)
Shader.obj : error LNK2019: unresolved external symbol __imp____glewValidateProgram referenced in function "private: void __thiscall Shader::CompileShader(char const *,char const *)" (?CompileShader@Shader@@AAEXPBD0@Z)
GLwindow.obj : error LNK2019: unresolved external symbol __imp__glewInit@0 referenced in function "public: int __thiscall GLwindow::initialise(void)" (?initialise@GLwindow@@QAEHXZ)
GLwindow.obj : error LNK2019: unresolved external symbol _glfwInit referenced in function "public: int __thiscall GLwindow::initialise(void)" (?initialise@GLwindow@@QAEHXZ)
GLwindow.obj : error LNK2019: unresolved external symbol _glfwWindowHint referenced in function "public: int __thiscall GLwindow::initialise(void)" (?initialise@GLwindow@@QAEHXZ)
GLwindow.obj : error LNK2019: unresolved external symbol _glfwCreateWindow referenced in function "public: int __thiscall GLwindow::initialise(void)" (?initialise@GLwindow@@QAEHXZ)
GLwindow.obj : error LNK2019: unresolved external symbol _glfwDestroyWindow referenced in function "public: int __thiscall GLwindow::initialise(void)" (?initialise@GLwindow@@QAEHXZ)
GLwindow.obj : error LNK2019: unresolved external symbol _glfwSetWindowShouldClose referenced in function "private: static void __cdecl GLwindow::handleKeys(struct GLFWwindow *,int,int,int,int)" (?handleKeys@GLwindow@@CAXPAUGLFWwindow@@HHHH@Z)
GLwindow.obj : error LNK2019: unresolved external symbol _glfwGetFramebufferSize referenced in function "public: int __thiscall GLwindow::initialise(void)" (?initialise@GLwindow@@QAEHXZ)
GLwindow.obj : error LNK2019: unresolved external symbol _glfwSetWindowUserPointer referenced in function "public: int __thiscall GLwindow::initialise(void)" (?initialise@GLwindow@@QAEHXZ)
GLwindow.obj : error LNK2019: unresolved external symbol _glfwGetWindowUserPointer referenced in function "private: static void __cdecl GLwindow::handleKeys(struct GLFWwindow *,int,int,int,int)" (?handleKeys@GLwindow@@CAXPAUGLFWwindow@@HHHH@Z)
GLwindow.obj : error LNK2019: unresolved external symbol _glfwSetInputMode referenced in function "public: int __thiscall GLwindow::initialise(void)" (?initialise@GLwindow@@QAEHXZ)
GLwindow.obj : error LNK2019: unresolved external symbol _glfwSetKeyCallback referenced in function "private: void __thiscall GLwindow::createCallbacks(void)" (?createCallbacks@GLwindow@@AAEXXZ)
GLwindow.obj : error LNK2019: unresolved external symbol _glfwSetCursorPosCallback referenced in function "private: void __thiscall GLwindow::createCallbacks(void)" (?createCallbacks@GLwindow@@AAEXXZ)
GLwindow.obj : error LNK2019: unresolved external symbol _glfwMakeContextCurrent referenced in function "public: int __thiscall GLwindow::initialise(void)" (?initialise@GLwindow@@QAEHXZ)
GLwindow.obj : error LNK2019: unresolved external symbol __imp__glewExperimental referenced in function "public: int __thiscall GLwindow::initialise(void)" (?initialise@GLwindow@@QAEHXZ)
Texture.obj : error LNK2019: unresolved external symbol __imp____glewActiveTexture referenced in function "public: void __thiscall Texture::useTexture(void)" (?useTexture@Texture@@QAEXXZ)
Texture.obj : error LNK2019: unresolved external symbol __imp____glewGenerateMipmap referenced in function "public: void __thiscall Texture::loadTexture(void)" (?loadTexture@Texture@@QAEXXZ)
C:\Users\domit\Documents\Visual Studio 2022\Projects\OpenGLcourse\\..\..\External Libs\GLEW\lib\Release\x64\glew32.lib : warning LNK4272: library machine type 'x64' conflicts with target machine type 'x86'
C:\Users\domit\Documents\Visual Studio 2022\Projects\OpenGLcourse\\..\..\External Libs\GLFW\lib-vc2022\glfw3.lib : warning LNK4272: library machine type 'x64' conflicts with target machine type 'x86'
C:\Users\domit\Documents\Visual Studio 2022\Projects\OpenGLcourse\Debug\OpenGLcourse.exe : fatal error LNK1120: 48 unresolved externals
